2023-10-17 12:33:00,827 [main] INFO  c.example.demo.SareetaApplication - Starting SareetaApplication using Java 17.0.8 with PID 19144 (C:\JAVA PROJECTS\devops\nd035-c4-Security-and-DevOps\starter_code\target\classes started by fmwimike in C:\JAVA PROJECTS\devops\nd035-c4-Security-and-DevOps)
2023-10-17 12:33:00,832 [main] INFO  c.example.demo.SareetaApplication - No active profile set, falling back to 1 default profile: "default"
2023-10-17 12:33:01,506 [main] INFO  o.s.d.r.c.RepositoryConfigurationDelegate - Bootstrapping Spring Data JPA repositories in DEFAULT mode.
2023-10-17 12:33:01,572 [main] INFO  o.s.d.r.c.RepositoryConfigurationDelegate - Finished Spring Data repository scanning in 55 ms. Found 4 JPA repository interfaces.
2023-10-17 12:33:02,890 [main] INFO  o.s.b.w.e.tomcat.TomcatWebServer - Tomcat initialized with port(s): 8080 (http)
2023-10-17 12:33:02,901 [main] INFO  o.a.catalina.core.StandardService - Starting service [Tomcat]
2023-10-17 12:33:02,902 [main] INFO  o.a.catalina.core.StandardEngine - Starting Servlet engine: [Apache Tomcat/10.1.13]
2023-10-17 12:33:03,036 [main] INFO  o.a.c.c.C.[Tomcat].[localhost].[/] - Initializing Spring embedded WebApplicationContext
2023-10-17 12:33:03,038 [main] INFO  o.s.b.w.s.c.ServletWebServerApplicationContext - Root WebApplicationContext: initialization completed in 2093 ms
2023-10-17 12:33:03,086 [main] INFO  com.zaxxer.hikari.HikariDataSource - HikariPool-1 - Starting...
2023-10-17 12:33:03,296 [main] INFO  com.zaxxer.hikari.pool.HikariPool - HikariPool-1 - Added connection conn0: url=jdbc:h2:mem:bootapp user=SA
2023-10-17 12:33:03,297 [main] INFO  com.zaxxer.hikari.HikariDataSource - HikariPool-1 - Start completed.
2023-10-17 12:33:03,312 [main] INFO  o.s.b.a.h.H2ConsoleAutoConfiguration - H2 console available at '/h2-console'. Database available at 'jdbc:h2:mem:bootapp'
2023-10-17 12:33:03,826 [main] INFO  o.h.jpa.internal.util.LogHelper - HHH000204: Processing PersistenceUnitInfo [name: default]
2023-10-17 12:33:04,157 [main] INFO  org.hibernate.Version - HHH000412: Hibernate ORM core version 6.2.9.Final
2023-10-17 12:33:04,166 [main] INFO  org.hibernate.cfg.Environment - HHH000406: Using bytecode reflection optimizer
2023-10-17 12:33:04,510 [main] INFO  o.h.b.i.BytecodeProviderInitiator - HHH000021: Bytecode provider name : bytebuddy
2023-10-17 12:33:04,730 [main] INFO  o.s.o.j.p.SpringPersistenceUnitInfo - No LoadTimeWeaver setup: ignoring JPA class transformer
2023-10-17 12:33:05,122 [main] INFO  o.h.b.i.BytecodeProviderInitiator - HHH000021: Bytecode provider name : bytebuddy
2023-10-17 12:33:06,212 [main] INFO  o.h.e.t.j.p.i.JtaPlatformInitiator - HHH000490: Using JtaPlatform implementation: [org.hibernate.engine.transaction.jta.platform.internal.NoJtaPlatform]
2023-10-17 12:33:06,290 [main] INFO  o.s.o.j.LocalContainerEntityManagerFactoryBean - Initialized JPA EntityManagerFactory for persistence unit 'default'
2023-10-17 12:33:06,880 [main] WARN  o.s.b.a.o.j.JpaBaseConfiguration$JpaWebConfiguration - spring.jpa.open-in-view is enabled by default. Therefore, database queries may be performed during view rendering. Explicitly configure spring.jpa.open-in-view to disable this warning
2023-10-17 12:33:07,592 [main] INFO  o.s.s.w.DefaultSecurityFilterChain - Will secure any request with [org.springframework.security.web.session.DisableEncodeUrlFilter@6a906078, org.springframework.security.web.context.request.async.WebAsyncManagerIntegrationFilter@fd5c7f6, org.springframework.security.web.context.SecurityContextHolderFilter@4d7fba20, org.springframework.security.web.header.HeaderWriterFilter@63b2418e, org.springframework.security.web.authentication.logout.LogoutFilter@17554316, com.example.demo.auth.JwtAuthorizationFilter@39da5e49, org.springframework.security.web.savedrequest.RequestCacheAwareFilter@51d2d336, org.springframework.security.web.servletapi.SecurityContextHolderAwareRequestFilter@90c01ab, org.springframework.security.web.authentication.AnonymousAuthenticationFilter@3724ab90, org.springframework.security.web.session.SessionManagementFilter@7b44e98e, org.springframework.security.web.access.ExceptionTranslationFilter@4629dde5, org.springframework.security.web.access.intercept.FilterSecurityInterceptor@225fb75e]
2023-10-17 12:33:08,242 [main] INFO  o.s.b.w.e.tomcat.TomcatWebServer - Tomcat started on port(s): 8080 (http) with context path ''
2023-10-17 12:33:08,259 [main] INFO  c.example.demo.SareetaApplication - Started SareetaApplication in 8.016 seconds (process running for 8.466)
2023-10-17 12:33:36,895 [SpringApplicationShutdownHook] INFO  o.s.o.j.LocalContainerEntityManagerFactoryBean - Closing JPA EntityManagerFactory for persistence unit 'default'
2023-10-17 12:33:36,897 [SpringApplicationShutdownHook] INFO  com.zaxxer.hikari.HikariDataSource - HikariPool-1 - Shutdown initiated...
2023-10-17 12:33:36,900 [SpringApplicationShutdownHook] INFO  com.zaxxer.hikari.HikariDataSource - HikariPool-1 - Shutdown completed.
2023-10-17 12:33:42,567 [main] INFO  c.example.demo.SareetaApplication - Starting SareetaApplication using Java 17.0.8 with PID 1468 (C:\JAVA PROJECTS\devops\nd035-c4-Security-and-DevOps\starter_code\target\classes started by fmwimike in C:\JAVA PROJECTS\devops\nd035-c4-Security-and-DevOps)
2023-10-17 12:33:42,571 [main] INFO  c.example.demo.SareetaApplication - No active profile set, falling back to 1 default profile: "default"
2023-10-17 12:33:43,268 [main] INFO  o.s.d.r.c.RepositoryConfigurationDelegate - Bootstrapping Spring Data JPA repositories in DEFAULT mode.
2023-10-17 12:33:43,334 [main] INFO  o.s.d.r.c.RepositoryConfigurationDelegate - Finished Spring Data repository scanning in 50 ms. Found 4 JPA repository interfaces.
2023-10-17 12:33:44,565 [main] INFO  o.s.b.w.e.tomcat.TomcatWebServer - Tomcat initialized with port(s): 8080 (http)
2023-10-17 12:33:44,577 [main] INFO  o.a.catalina.core.StandardService - Starting service [Tomcat]
2023-10-17 12:33:44,577 [main] INFO  o.a.catalina.core.StandardEngine - Starting Servlet engine: [Apache Tomcat/10.1.13]
2023-10-17 12:33:44,697 [main] INFO  o.a.c.c.C.[Tomcat].[localhost].[/] - Initializing Spring embedded WebApplicationContext
2023-10-17 12:33:44,698 [main] INFO  o.s.b.w.s.c.ServletWebServerApplicationContext - Root WebApplicationContext: initialization completed in 1996 ms
2023-10-17 12:33:44,746 [main] INFO  com.zaxxer.hikari.HikariDataSource - HikariPool-1 - Starting...
2023-10-17 12:33:44,963 [main] INFO  com.zaxxer.hikari.pool.HikariPool - HikariPool-1 - Added connection conn0: url=jdbc:h2:mem:bootapp user=SA
2023-10-17 12:33:44,965 [main] INFO  com.zaxxer.hikari.HikariDataSource - HikariPool-1 - Start completed.
2023-10-17 12:33:44,978 [main] INFO  o.s.b.a.h.H2ConsoleAutoConfiguration - H2 console available at '/h2-console'. Database available at 'jdbc:h2:mem:bootapp'
2023-10-17 12:33:45,504 [main] INFO  o.h.jpa.internal.util.LogHelper - HHH000204: Processing PersistenceUnitInfo [name: default]
2023-10-17 12:33:45,732 [main] INFO  org.hibernate.Version - HHH000412: Hibernate ORM core version 6.2.9.Final
2023-10-17 12:33:45,739 [main] INFO  org.hibernate.cfg.Environment - HHH000406: Using bytecode reflection optimizer
2023-10-17 12:33:45,931 [main] INFO  o.h.b.i.BytecodeProviderInitiator - HHH000021: Bytecode provider name : bytebuddy
2023-10-17 12:33:46,160 [main] INFO  o.s.o.j.p.SpringPersistenceUnitInfo - No LoadTimeWeaver setup: ignoring JPA class transformer
2023-10-17 12:33:46,558 [main] INFO  o.h.b.i.BytecodeProviderInitiator - HHH000021: Bytecode provider name : bytebuddy
2023-10-17 12:33:47,229 [main] INFO  o.h.e.t.j.p.i.JtaPlatformInitiator - HHH000490: Using JtaPlatform implementation: [org.hibernate.engine.transaction.jta.platform.internal.NoJtaPlatform]
2023-10-17 12:33:47,293 [main] INFO  o.s.o.j.LocalContainerEntityManagerFactoryBean - Initialized JPA EntityManagerFactory for persistence unit 'default'
2023-10-17 12:33:47,812 [main] WARN  o.s.b.a.o.j.JpaBaseConfiguration$JpaWebConfiguration - spring.jpa.open-in-view is enabled by default. Therefore, database queries may be performed during view rendering. Explicitly configure spring.jpa.open-in-view to disable this warning
2023-10-17 12:33:48,374 [main] INFO  o.s.s.w.DefaultSecurityFilterChain - Will secure any request with [org.springframework.security.web.session.DisableEncodeUrlFilter@3724ab90, org.springframework.security.web.context.request.async.WebAsyncManagerIntegrationFilter@40ef1934, org.springframework.security.web.context.SecurityContextHolderFilter@51d2d336, org.springframework.security.web.header.HeaderWriterFilter@789f5552, org.springframework.security.web.authentication.logout.LogoutFilter@5af1b221, com.example.demo.auth.JwtAuthorizationFilter@674da77b, org.springframework.security.web.savedrequest.RequestCacheAwareFilter@39921410, org.springframework.security.web.servletapi.SecurityContextHolderAwareRequestFilter@71e55e48, org.springframework.security.web.authentication.AnonymousAuthenticationFilter@291522f1, org.springframework.security.web.session.SessionManagementFilter@543196f9, org.springframework.security.web.access.ExceptionTranslationFilter@63b2418e, org.springframework.security.web.access.intercept.FilterSecurityInterceptor@4936fbc6]
2023-10-17 12:33:49,260 [main] INFO  o.s.b.w.e.tomcat.TomcatWebServer - Tomcat started on port(s): 8080 (http) with context path ''
2023-10-17 12:33:49,277 [main] INFO  c.example.demo.SareetaApplication - Started SareetaApplication in 7.24 seconds (process running for 7.662)
2023-10-17 12:46:40,183 [SpringApplicationShutdownHook] INFO  o.s.o.j.LocalContainerEntityManagerFactoryBean - Closing JPA EntityManagerFactory for persistence unit 'default'
2023-10-17 12:46:40,186 [SpringApplicationShutdownHook] INFO  com.zaxxer.hikari.HikariDataSource - HikariPool-1 - Shutdown initiated...
2023-10-17 12:46:40,188 [SpringApplicationShutdownHook] INFO  com.zaxxer.hikari.HikariDataSource - HikariPool-1 - Shutdown completed.
2023-10-17 12:47:07,235 [main] INFO  c.example.demo.SareetaApplication - Starting SareetaApplication using Java 17.0.8 with PID 17868 (C:\JAVA PROJECTS\devops\nd035-c4-Security-and-DevOps\starter_code\target\classes started by fmwimike in C:\JAVA PROJECTS\devops\nd035-c4-Security-and-DevOps)
2023-10-17 12:47:07,239 [main] INFO  c.example.demo.SareetaApplication - No active profile set, falling back to 1 default profile: "default"
2023-10-17 12:47:07,939 [main] INFO  o.s.d.r.c.RepositoryConfigurationDelegate - Bootstrapping Spring Data JPA repositories in DEFAULT mode.
2023-10-17 12:47:08,016 [main] INFO  o.s.d.r.c.RepositoryConfigurationDelegate - Finished Spring Data repository scanning in 56 ms. Found 4 JPA repository interfaces.
2023-10-17 12:47:09,425 [main] INFO  o.s.b.w.e.tomcat.TomcatWebServer - Tomcat initialized with port(s): 8080 (http)
2023-10-17 12:47:09,438 [main] INFO  o.a.catalina.core.StandardService - Starting service [Tomcat]
2023-10-17 12:47:09,439 [main] INFO  o.a.catalina.core.StandardEngine - Starting Servlet engine: [Apache Tomcat/10.1.13]
2023-10-17 12:47:09,606 [main] INFO  o.a.c.c.C.[Tomcat].[localhost].[/] - Initializing Spring embedded WebApplicationContext
2023-10-17 12:47:09,609 [main] INFO  o.s.b.w.s.c.ServletWebServerApplicationContext - Root WebApplicationContext: initialization completed in 2256 ms
2023-10-17 12:47:09,660 [main] INFO  com.zaxxer.hikari.HikariDataSource - HikariPool-1 - Starting...
2023-10-17 12:47:10,013 [main] INFO  com.zaxxer.hikari.pool.HikariPool - HikariPool-1 - Added connection conn0: url=jdbc:h2:mem:bootapp user=SA
2023-10-17 12:47:10,017 [main] INFO  com.zaxxer.hikari.HikariDataSource - HikariPool-1 - Start completed.
2023-10-17 12:47:10,040 [main] INFO  o.s.b.a.h.H2ConsoleAutoConfiguration - H2 console available at '/h2-console'. Database available at 'jdbc:h2:mem:bootapp'
2023-10-17 12:47:10,726 [main] INFO  o.h.jpa.internal.util.LogHelper - HHH000204: Processing PersistenceUnitInfo [name: default]
2023-10-17 12:47:11,028 [main] INFO  org.hibernate.Version - HHH000412: Hibernate ORM core version 6.2.9.Final
2023-10-17 12:47:11,031 [main] INFO  org.hibernate.cfg.Environment - HHH000406: Using bytecode reflection optimizer
2023-10-17 12:47:11,304 [main] INFO  o.h.b.i.BytecodeProviderInitiator - HHH000021: Bytecode provider name : bytebuddy
2023-10-17 12:47:11,581 [main] INFO  o.s.o.j.p.SpringPersistenceUnitInfo - No LoadTimeWeaver setup: ignoring JPA class transformer
2023-10-17 12:47:12,062 [main] INFO  o.h.b.i.BytecodeProviderInitiator - HHH000021: Bytecode provider name : bytebuddy
2023-10-17 12:47:12,891 [main] INFO  o.h.e.t.j.p.i.JtaPlatformInitiator - HHH000490: Using JtaPlatform implementation: [org.hibernate.engine.transaction.jta.platform.internal.NoJtaPlatform]
2023-10-17 12:47:12,993 [main] INFO  o.s.o.j.LocalContainerEntityManagerFactoryBean - Initialized JPA EntityManagerFactory for persistence unit 'default'
2023-10-17 12:47:13,670 [main] WARN  o.s.b.a.o.j.JpaBaseConfiguration$JpaWebConfiguration - spring.jpa.open-in-view is enabled by default. Therefore, database queries may be performed during view rendering. Explicitly configure spring.jpa.open-in-view to disable this warning
2023-10-17 12:47:14,384 [main] INFO  o.s.s.w.DefaultSecurityFilterChain - Will secure any request with [org.springframework.security.web.session.DisableEncodeUrlFilter@6a906078, org.springframework.security.web.context.request.async.WebAsyncManagerIntegrationFilter@fd5c7f6, org.springframework.security.web.context.SecurityContextHolderFilter@4d7fba20, org.springframework.security.web.header.HeaderWriterFilter@63b2418e, org.springframework.security.web.authentication.logout.LogoutFilter@17554316, com.example.demo.auth.JwtAuthorizationFilter@39da5e49, org.springframework.security.web.savedrequest.RequestCacheAwareFilter@51d2d336, org.springframework.security.web.servletapi.SecurityContextHolderAwareRequestFilter@90c01ab, org.springframework.security.web.authentication.AnonymousAuthenticationFilter@3724ab90, org.springframework.security.web.session.SessionManagementFilter@7b44e98e, org.springframework.security.web.access.ExceptionTranslationFilter@4629dde5, org.springframework.security.web.access.intercept.FilterSecurityInterceptor@225fb75e]
2023-10-17 12:47:15,520 [main] INFO  o.s.b.w.e.tomcat.TomcatWebServer - Tomcat started on port(s): 8080 (http) with context path ''
2023-10-17 12:47:15,541 [main] INFO  c.example.demo.SareetaApplication - Started SareetaApplication in 8.866 seconds (process running for 9.356)
2023-10-17 12:52:54,619 [http-nio-8080-exec-1] INFO  o.a.c.c.C.[Tomcat].[localhost].[/] - Initializing Spring DispatcherServlet 'dispatcherServlet'
2023-10-17 12:52:54,619 [http-nio-8080-exec-1] INFO  o.s.web.servlet.DispatcherServlet - Initializing Servlet 'dispatcherServlet'
2023-10-17 12:52:54,621 [http-nio-8080-exec-1] INFO  o.s.web.servlet.DispatcherServlet - Completed initialization in 1 ms
2023-10-17 12:52:54,681 [http-nio-8080-exec-1] INFO  c.e.d.auth.JwtAuthorizationFilter - User Keza authenticated!
2023-10-17 12:52:54,724 [http-nio-8080-exec-1] INFO  c.e.demo.controllers.UserController - getting user details by id:1
2023-10-17 12:52:54,809 [http-nio-8080-exec-1] INFO  c.e.demo.controllers.UserController - User details<404 NOT_FOUND Not Found,[]>
2023-10-17 12:53:02,860 [http-nio-8080-exec-2] INFO  c.e.demo.controllers.UserController - Creating user
2023-10-17 12:53:02,860 [http-nio-8080-exec-2] INFO  c.e.demo.controllers.UserController - User creation request:test
2023-10-17 12:53:03,127 [http-nio-8080-exec-2] INFO  c.e.demo.controllers.UserController - created User:com.example.demo.model.persistence.User@594995a7
2023-10-17 12:53:03,133 [http-nio-8080-exec-2] INFO  c.e.demo.controllers.UserController - User registration is successfull:
2023-10-17 12:53:16,877 [http-nio-8080-exec-3] INFO  c.e.d.controllers.loginController - login username >>> test
2023-10-17 12:53:16,878 [http-nio-8080-exec-3] INFO  c.e.d.controllers.loginController - Authenticatingtest
2023-10-17 12:53:17,005 [http-nio-8080-exec-3] INFO  c.e.d.controllers.loginController - Logged in user Details:org.springframework.security.core.userdetails.User [Username=test, Password=[PROTECTED], Enabled=true, AccountNonExpired=true, credentialsNonExpired=true, AccountNonLocked=true, Granted Authorities=[]]
2023-10-17 12:53:17,084 [http-nio-8080-exec-3] INFO  c.e.d.controllers.loginController - Genating Token....
2023-10-17 12:53:17,085 [http-nio-8080-exec-3] INFO  c.e.d.controllers.loginController - token subject set:test
2023-10-17 12:53:17,085 [http-nio-8080-exec-3] INFO  c.e.d.controllers.loginController - Token generation time:Tue Oct 17 12:53:17 SAST 2023
2023-10-17 12:53:17,086 [http-nio-8080-exec-3] INFO  c.e.d.controllers.loginController - token validitySun Feb 18 08:37:17 SAST 3714
2023-10-17 12:53:17,102 [http-nio-8080-exec-3] INFO  c.e.d.controllers.loginController - Token:eyJhbGciOiJIUzI1NiJ9.eyJzdWIiOiJ0ZXN0IiwidXNlcm5hbWUiOiJ0ZXN0IiwicGFzc3dvcmQiOiJwYXNzd2QzNEBiay5ydyIsImV4cCI6NTUwMzk1MDIyMzd9.TpdusSSjVLGhn2PaI08usAy9a1AJUUkoWfW8imJTMBg
2023-10-17 12:54:00,498 [http-nio-8080-exec-4] INFO  c.e.d.auth.JwtAuthorizationFilter - User test authenticated!
2023-10-17 12:54:00,501 [http-nio-8080-exec-4] INFO  c.e.demo.controllers.UserController - getting user details by id:1
2023-10-17 12:54:00,505 [http-nio-8080-exec-4] INFO  c.e.demo.controllers.UserController - User details<200 OK OK,com.example.demo.model.persistence.User@2fb6f84b,[]>
2023-10-17 12:55:59,617 [SpringApplicationShutdownHook] INFO  o.s.o.j.LocalContainerEntityManagerFactoryBean - Closing JPA EntityManagerFactory for persistence unit 'default'
2023-10-17 12:55:59,621 [SpringApplicationShutdownHook] INFO  com.zaxxer.hikari.HikariDataSource - HikariPool-1 - Shutdown initiated...
2023-10-17 12:55:59,623 [SpringApplicationShutdownHook] INFO  com.zaxxer.hikari.HikariDataSource - HikariPool-1 - Shutdown completed.
2023-10-17 14:31:40,529 [main] INFO  c.example.demo.SareetaApplication - Starting SareetaApplication using Java 17.0.8 with PID 27152 (C:\JAVA PROJECTS\devops\nd035-c4-Security-and-DevOps\starter_code\target\classes started by fmwimike in C:\JAVA PROJECTS\devops\nd035-c4-Security-and-DevOps)
2023-10-17 14:31:40,535 [main] INFO  c.example.demo.SareetaApplication - No active profile set, falling back to 1 default profile: "default"
2023-10-17 14:31:41,675 [main] INFO  o.s.d.r.c.RepositoryConfigurationDelegate - Bootstrapping Spring Data JPA repositories in DEFAULT mode.
2023-10-17 14:31:41,806 [main] INFO  o.s.d.r.c.RepositoryConfigurationDelegate - Finished Spring Data repository scanning in 103 ms. Found 4 JPA repository interfaces.
2023-10-17 14:31:44,441 [main] INFO  o.s.b.w.e.tomcat.TomcatWebServer - Tomcat initialized with port(s): 8080 (http)
2023-10-17 14:31:44,456 [main] INFO  o.a.catalina.core.StandardService - Starting service [Tomcat]
2023-10-17 14:31:44,457 [main] INFO  o.a.catalina.core.StandardEngine - Starting Servlet engine: [Apache Tomcat/10.1.13]
2023-10-17 14:31:44,797 [main] INFO  o.a.c.c.C.[Tomcat].[localhost].[/] - Initializing Spring embedded WebApplicationContext
2023-10-17 14:31:44,801 [main] INFO  o.s.b.w.s.c.ServletWebServerApplicationContext - Root WebApplicationContext: initialization completed in 4104 ms
2023-10-17 14:31:44,892 [main] INFO  com.zaxxer.hikari.HikariDataSource - HikariPool-1 - Starting...
2023-10-17 14:31:45,403 [main] INFO  com.zaxxer.hikari.pool.HikariPool - HikariPool-1 - Added connection conn0: url=jdbc:h2:mem:bootapp user=SA
2023-10-17 14:31:45,406 [main] INFO  com.zaxxer.hikari.HikariDataSource - HikariPool-1 - Start completed.
2023-10-17 14:31:45,428 [main] INFO  o.s.b.a.h.H2ConsoleAutoConfiguration - H2 console available at '/h2-console'. Database available at 'jdbc:h2:mem:bootapp'
2023-10-17 14:31:46,362 [main] INFO  o.h.jpa.internal.util.LogHelper - HHH000204: Processing PersistenceUnitInfo [name: default]
2023-10-17 14:31:46,623 [main] INFO  org.hibernate.Version - HHH000412: Hibernate ORM core version 6.2.9.Final
2023-10-17 14:31:46,641 [main] INFO  org.hibernate.cfg.Environment - HHH000406: Using bytecode reflection optimizer
2023-10-17 14:31:47,285 [main] INFO  o.h.b.i.BytecodeProviderInitiator - HHH000021: Bytecode provider name : bytebuddy
2023-10-17 14:31:47,829 [main] INFO  o.s.o.j.p.SpringPersistenceUnitInfo - No LoadTimeWeaver setup: ignoring JPA class transformer
2023-10-17 14:31:48,715 [main] INFO  o.h.b.i.BytecodeProviderInitiator - HHH000021: Bytecode provider name : bytebuddy
2023-10-17 14:31:49,932 [main] INFO  o.h.e.t.j.p.i.JtaPlatformInitiator - HHH000490: Using JtaPlatform implementation: [org.hibernate.engine.transaction.jta.platform.internal.NoJtaPlatform]
2023-10-17 14:31:50,047 [main] INFO  o.s.o.j.LocalContainerEntityManagerFactoryBean - Initialized JPA EntityManagerFactory for persistence unit 'default'
2023-10-17 14:31:51,383 [main] WARN  o.s.b.a.o.j.JpaBaseConfiguration$JpaWebConfiguration - spring.jpa.open-in-view is enabled by default. Therefore, database queries may be performed during view rendering. Explicitly configure spring.jpa.open-in-view to disable this warning
2023-10-17 14:31:52,662 [main] INFO  o.s.s.w.DefaultSecurityFilterChain - Will secure any request with [org.springframework.security.web.session.DisableEncodeUrlFilter@5fe4848, org.springframework.security.web.context.request.async.WebAsyncManagerIntegrationFilter@6a906078, org.springframework.security.web.context.SecurityContextHolderFilter@543196f9, org.springframework.security.web.header.HeaderWriterFilter@7e35d743, org.springframework.security.web.authentication.logout.LogoutFilter@690e7b89, com.example.demo.auth.JwtAuthorizationFilter@4d4436d0, org.springframework.security.web.savedrequest.RequestCacheAwareFilter@112b3298, org.springframework.security.web.servletapi.SecurityContextHolderAwareRequestFilter@51d2d336, org.springframework.security.web.authentication.AnonymousAuthenticationFilter@fd5c7f6, org.springframework.security.web.session.SessionManagementFilter@6dde913e, org.springframework.security.web.access.ExceptionTranslationFilter@4c9bed65, org.springframework.security.web.access.intercept.FilterSecurityInterceptor@4560eb15]
2023-10-17 14:31:54,564 [main] INFO  o.s.b.w.e.tomcat.TomcatWebServer - Tomcat started on port(s): 8080 (http) with context path ''
2023-10-17 14:31:54,590 [main] INFO  c.example.demo.SareetaApplication - Started SareetaApplication in 15.037 seconds (process running for 15.993)
2023-10-17 14:50:17,235 [HikariPool-1 housekeeper] WARN  com.zaxxer.hikari.pool.HikariPool - HikariPool-1 - Thread starvation or clock leap detected (housekeeper delta=5m31s549ms267µs100ns).
2023-10-17 16:02:16,112 [HikariPool-1 housekeeper] WARN  com.zaxxer.hikari.pool.HikariPool - HikariPool-1 - Thread starvation or clock leap detected (housekeeper delta=1h5m28s783ms691µs400ns).
2023-10-17 16:31:56,790 [SpringApplicationShutdownHook] INFO  o.s.o.j.LocalContainerEntityManagerFactoryBean - Closing JPA EntityManagerFactory for persistence unit 'default'
2023-10-17 16:31:56,888 [SpringApplicationShutdownHook] INFO  com.zaxxer.hikari.HikariDataSource - HikariPool-1 - Shutdown initiated...
2023-10-17 16:31:56,895 [SpringApplicationShutdownHook] INFO  com.zaxxer.hikari.HikariDataSource - HikariPool-1 - Shutdown completed.
2023-10-17 16:32:30,518 [main] INFO  c.example.demo.SareetaApplication - Starting SareetaApplication using Java 17.0.8 with PID 30420 (C:\JAVA PROJECTS\devops\nd035-c4-Security-and-DevOps\starter_code\target\classes started by fmwimike in C:\JAVA PROJECTS\devops\nd035-c4-Security-and-DevOps)
2023-10-17 16:32:30,528 [main] INFO  c.example.demo.SareetaApplication - No active profile set, falling back to 1 default profile: "default"
2023-10-17 16:32:31,668 [main] INFO  o.s.d.r.c.RepositoryConfigurationDelegate - Bootstrapping Spring Data JPA repositories in DEFAULT mode.
2023-10-17 16:32:31,782 [main] INFO  o.s.d.r.c.RepositoryConfigurationDelegate - Finished Spring Data repository scanning in 91 ms. Found 4 JPA repository interfaces.
2023-10-17 16:32:34,052 [main] INFO  o.s.b.w.e.tomcat.TomcatWebServer - Tomcat initialized with port(s): 8080 (http)
2023-10-17 16:32:34,075 [main] INFO  o.a.catalina.core.StandardService - Starting service [Tomcat]
2023-10-17 16:32:34,076 [main] INFO  o.a.catalina.core.StandardEngine - Starting Servlet engine: [Apache Tomcat/10.1.13]
2023-10-17 16:32:34,415 [main] INFO  o.a.c.c.C.[Tomcat].[localhost].[/] - Initializing Spring embedded WebApplicationContext
2023-10-17 16:32:34,418 [main] INFO  o.s.b.w.s.c.ServletWebServerApplicationContext - Root WebApplicationContext: initialization completed in 3716 ms
2023-10-17 16:32:34,462 [main] INFO  com.zaxxer.hikari.HikariDataSource - HikariPool-1 - Starting...
2023-10-17 16:32:34,757 [main] INFO  com.zaxxer.hikari.pool.HikariPool - HikariPool-1 - Added connection conn0: url=jdbc:h2:mem:bootapp user=SA
2023-10-17 16:32:34,759 [main] INFO  com.zaxxer.hikari.HikariDataSource - HikariPool-1 - Start completed.
2023-10-17 16:32:34,787 [main] INFO  o.s.b.a.h.H2ConsoleAutoConfiguration - H2 console available at '/h2-console'. Database available at 'jdbc:h2:mem:bootapp'
2023-10-17 16:32:35,478 [main] INFO  o.h.jpa.internal.util.LogHelper - HHH000204: Processing PersistenceUnitInfo [name: default]
2023-10-17 16:32:36,177 [main] INFO  org.hibernate.Version - HHH000412: Hibernate ORM core version 6.2.9.Final
2023-10-17 16:32:36,181 [main] INFO  org.hibernate.cfg.Environment - HHH000406: Using bytecode reflection optimizer
2023-10-17 16:32:36,535 [main] INFO  o.h.b.i.BytecodeProviderInitiator - HHH000021: Bytecode provider name : bytebuddy
2023-10-17 16:32:36,897 [main] INFO  o.s.o.j.p.SpringPersistenceUnitInfo - No LoadTimeWeaver setup: ignoring JPA class transformer
2023-10-17 16:32:37,578 [main] INFO  o.h.b.i.BytecodeProviderInitiator - HHH000021: Bytecode provider name : bytebuddy
2023-10-17 16:32:38,878 [main] INFO  o.h.e.t.j.p.i.JtaPlatformInitiator - HHH000490: Using JtaPlatform implementation: [org.hibernate.engine.transaction.jta.platform.internal.NoJtaPlatform]
2023-10-17 16:32:39,000 [main] INFO  o.s.o.j.LocalContainerEntityManagerFactoryBean - Initialized JPA EntityManagerFactory for persistence unit 'default'
2023-10-17 16:32:39,783 [main] WARN  o.s.b.a.o.j.JpaBaseConfiguration$JpaWebConfiguration - spring.jpa.open-in-view is enabled by default. Therefore, database queries may be performed during view rendering. Explicitly configure spring.jpa.open-in-view to disable this warning
2023-10-17 16:32:40,249 [main] INFO  o.s.s.w.DefaultSecurityFilterChain - Will secure any request with [org.springframework.security.web.session.DisableEncodeUrlFilter@3724ab90, org.springframework.security.web.context.request.async.WebAsyncManagerIntegrationFilter@40ef1934, org.springframework.security.web.context.SecurityContextHolderFilter@51d2d336, org.springframework.security.web.header.HeaderWriterFilter@789f5552, org.springframework.security.web.authentication.logout.LogoutFilter@5af1b221, com.example.demo.auth.JwtAuthorizationFilter@674da77b, org.springframework.security.web.savedrequest.RequestCacheAwareFilter@39921410, org.springframework.security.web.servletapi.SecurityContextHolderAwareRequestFilter@71e55e48, org.springframework.security.web.authentication.AnonymousAuthenticationFilter@291522f1, org.springframework.security.web.session.SessionManagementFilter@543196f9, org.springframework.security.web.access.ExceptionTranslationFilter@63b2418e, org.springframework.security.web.access.intercept.FilterSecurityInterceptor@4936fbc6]
2023-10-17 16:32:41,038 [main] INFO  o.s.b.w.e.tomcat.TomcatWebServer - Tomcat started on port(s): 8080 (http) with context path ''
2023-10-17 16:32:41,060 [main] INFO  c.example.demo.SareetaApplication - Started SareetaApplication in 11.533 seconds (process running for 12.271)
2023-10-17 16:34:47,416 [http-nio-8080-exec-1] INFO  o.a.c.c.C.[Tomcat].[localhost].[/] - Initializing Spring DispatcherServlet 'dispatcherServlet'
2023-10-17 16:34:47,418 [http-nio-8080-exec-1] INFO  o.s.web.servlet.DispatcherServlet - Initializing Servlet 'dispatcherServlet'
2023-10-17 16:34:47,420 [http-nio-8080-exec-1] INFO  o.s.web.servlet.DispatcherServlet - Completed initialization in 1 ms
2023-10-17 16:34:47,615 [http-nio-8080-exec-1] INFO  c.e.demo.controllers.UserController - Creating user
2023-10-17 16:34:47,616 [http-nio-8080-exec-1] INFO  c.e.demo.controllers.UserController - User creation request:test
2023-10-17 16:34:48,078 [http-nio-8080-exec-1] INFO  c.e.demo.controllers.UserController - created User:com.example.demo.model.persistence.User@187f93c3
2023-10-17 16:34:48,084 [http-nio-8080-exec-1] INFO  c.e.demo.controllers.UserController - User registration is successfull:
2023-10-17 16:34:54,486 [http-nio-8080-exec-2] INFO  c.e.d.controllers.loginController - login username >>> test
2023-10-17 16:34:54,487 [http-nio-8080-exec-2] INFO  c.e.d.controllers.loginController - Authenticatingtest
2023-10-17 16:34:54,669 [http-nio-8080-exec-2] INFO  c.e.d.controllers.loginController - Logged in user Details:org.springframework.security.core.userdetails.User [Username=test, Password=[PROTECTED], Enabled=true, AccountNonExpired=true, credentialsNonExpired=true, AccountNonLocked=true, Granted Authorities=[]]
2023-10-17 16:34:54,806 [http-nio-8080-exec-2] INFO  c.e.d.controllers.loginController - Genating Token....
2023-10-17 16:34:54,806 [http-nio-8080-exec-2] INFO  c.e.d.controllers.loginController - token subject set:test
2023-10-17 16:34:54,807 [http-nio-8080-exec-2] INFO  c.e.d.controllers.loginController - Token generation time:Tue Oct 17 16:34:54 SAST 2023
2023-10-17 16:34:54,808 [http-nio-8080-exec-2] INFO  c.e.d.controllers.loginController - token validitySun Feb 18 12:18:54 SAST 3714
2023-10-17 16:34:54,850 [http-nio-8080-exec-2] INFO  c.e.d.controllers.loginController - Token:eyJhbGciOiJIUzI1NiJ9.eyJzdWIiOiJ0ZXN0IiwidXNlcm5hbWUiOiJ0ZXN0IiwicGFzc3dvcmQiOiJwYXNzd2QzNEBiay5ydyIsImV4cCI6NTUwMzk1MTU1MzR9.lFmmDqDgROO1GU83Vdgj57L9yUVxGXK66F0oyA19_Xo
2023-10-17 16:35:04,822 [http-nio-8080-exec-3] INFO  c.e.demo.controllers.UserController - Creating user
2023-10-17 16:35:04,823 [http-nio-8080-exec-3] INFO  c.e.demo.controllers.UserController - User creation request:test
2023-10-17 16:35:17,539 [http-nio-8080-exec-4] INFO  c.e.demo.controllers.UserController - Creating user
2023-10-17 16:35:17,539 [http-nio-8080-exec-4] INFO  c.e.demo.controllers.UserController - User creation request:test
2023-10-17 16:35:46,742 [http-nio-8080-exec-5] INFO  c.e.demo.controllers.UserController - Creating user
2023-10-17 16:35:46,743 [http-nio-8080-exec-5] INFO  c.e.demo.controllers.UserController - User creation request:test2
2023-10-17 16:35:46,746 [http-nio-8080-exec-5] ERROR c.e.demo.controllers.UserController - password violated the standards of the passwd
2023-10-17 16:37:28,688 [SpringApplicationShutdownHook] INFO  o.s.o.j.LocalContainerEntityManagerFactoryBean - Closing JPA EntityManagerFactory for persistence unit 'default'
2023-10-17 16:37:28,696 [SpringApplicationShutdownHook] INFO  com.zaxxer.hikari.HikariDataSource - HikariPool-1 - Shutdown initiated...
2023-10-17 16:37:28,703 [SpringApplicationShutdownHook] INFO  com.zaxxer.hikari.HikariDataSource - HikariPool-1 - Shutdown completed.
2023-10-17 16:37:39,694 [main] INFO  c.example.demo.SareetaApplication - Starting SareetaApplication using Java 17.0.8 with PID 24744 (C:\JAVA PROJECTS\devops\nd035-c4-Security-and-DevOps\starter_code\target\classes started by fmwimike in C:\JAVA PROJECTS\devops\nd035-c4-Security-and-DevOps)
2023-10-17 16:37:39,700 [main] INFO  c.example.demo.SareetaApplication - No active profile set, falling back to 1 default profile: "default"
2023-10-17 16:37:41,006 [main] INFO  o.s.d.r.c.RepositoryConfigurationDelegate - Bootstrapping Spring Data JPA repositories in DEFAULT mode.
2023-10-17 16:37:41,152 [main] INFO  o.s.d.r.c.RepositoryConfigurationDelegate - Finished Spring Data repository scanning in 112 ms. Found 4 JPA repository interfaces.
2023-10-17 16:37:43,746 [main] INFO  o.s.b.w.e.tomcat.TomcatWebServer - Tomcat initialized with port(s): 8080 (http)
2023-10-17 16:37:43,779 [main] INFO  o.a.catalina.core.StandardService - Starting service [Tomcat]
2023-10-17 16:37:43,780 [main] INFO  o.a.catalina.core.StandardEngine - Starting Servlet engine: [Apache Tomcat/10.1.13]
2023-10-17 16:37:44,058 [main] INFO  o.a.c.c.C.[Tomcat].[localhost].[/] - Initializing Spring embedded WebApplicationContext
2023-10-17 16:37:44,061 [main] INFO  o.s.b.w.s.c.ServletWebServerApplicationContext - Root WebApplicationContext: initialization completed in 4164 ms
2023-10-17 16:37:44,139 [main] INFO  com.zaxxer.hikari.HikariDataSource - HikariPool-1 - Starting...
2023-10-17 16:37:44,494 [main] INFO  com.zaxxer.hikari.pool.HikariPool - HikariPool-1 - Added connection conn0: url=jdbc:h2:mem:bootapp user=SA
2023-10-17 16:37:44,496 [main] INFO  com.zaxxer.hikari.HikariDataSource - HikariPool-1 - Start completed.
2023-10-17 16:37:44,518 [main] INFO  o.s.b.a.h.H2ConsoleAutoConfiguration - H2 console available at '/h2-console'. Database available at 'jdbc:h2:mem:bootapp'
2023-10-17 16:37:45,468 [main] INFO  o.h.jpa.internal.util.LogHelper - HHH000204: Processing PersistenceUnitInfo [name: default]
2023-10-17 16:37:46,021 [main] INFO  org.hibernate.Version - HHH000412: Hibernate ORM core version 6.2.9.Final
2023-10-17 16:37:46,033 [main] INFO  org.hibernate.cfg.Environment - HHH000406: Using bytecode reflection optimizer
2023-10-17 16:37:46,472 [main] INFO  o.h.b.i.BytecodeProviderInitiator - HHH000021: Bytecode provider name : bytebuddy
2023-10-17 16:37:46,881 [main] INFO  o.s.o.j.p.SpringPersistenceUnitInfo - No LoadTimeWeaver setup: ignoring JPA class transformer
2023-10-17 16:37:47,508 [main] INFO  o.h.b.i.BytecodeProviderInitiator - HHH000021: Bytecode provider name : bytebuddy
2023-10-17 16:37:48,883 [main] INFO  o.h.e.t.j.p.i.JtaPlatformInitiator - HHH000490: Using JtaPlatform implementation: [org.hibernate.engine.transaction.jta.platform.internal.NoJtaPlatform]
2023-10-17 16:37:49,004 [main] INFO  o.s.o.j.LocalContainerEntityManagerFactoryBean - Initialized JPA EntityManagerFactory for persistence unit 'default'
2023-10-17 16:37:50,065 [main] WARN  o.s.b.a.o.j.JpaBaseConfiguration$JpaWebConfiguration - spring.jpa.open-in-view is enabled by default. Therefore, database queries may be performed during view rendering. Explicitly configure spring.jpa.open-in-view to disable this warning
2023-10-17 16:37:51,467 [main] INFO  o.s.s.w.DefaultSecurityFilterChain - Will secure any request with [org.springframework.security.web.session.DisableEncodeUrlFilter@5fe4848, org.springframework.security.web.context.request.async.WebAsyncManagerIntegrationFilter@6a906078, org.springframework.security.web.context.SecurityContextHolderFilter@543196f9, org.springframework.security.web.header.HeaderWriterFilter@7e35d743, org.springframework.security.web.authentication.logout.LogoutFilter@690e7b89, com.example.demo.auth.JwtAuthorizationFilter@4d4436d0, org.springframework.security.web.savedrequest.RequestCacheAwareFilter@112b3298, org.springframework.security.web.servletapi.SecurityContextHolderAwareRequestFilter@51d2d336, org.springframework.security.web.authentication.AnonymousAuthenticationFilter@fd5c7f6, org.springframework.security.web.session.SessionManagementFilter@6dde913e, org.springframework.security.web.access.ExceptionTranslationFilter@4c9bed65, org.springframework.security.web.access.intercept.FilterSecurityInterceptor@4560eb15]
2023-10-17 16:37:53,894 [main] INFO  o.s.b.w.e.tomcat.TomcatWebServer - Tomcat started on port(s): 8080 (http) with context path ''
2023-10-17 16:37:53,922 [main] INFO  c.example.demo.SareetaApplication - Started SareetaApplication in 15.259 seconds (process running for 16.223)
2023-10-17 16:38:04,612 [http-nio-8080-exec-1] INFO  o.a.c.c.C.[Tomcat].[localhost].[/] - Initializing Spring DispatcherServlet 'dispatcherServlet'
2023-10-17 16:38:04,613 [http-nio-8080-exec-1] INFO  o.s.web.servlet.DispatcherServlet - Initializing Servlet 'dispatcherServlet'
2023-10-17 16:38:04,617 [http-nio-8080-exec-1] INFO  o.s.web.servlet.DispatcherServlet - Completed initialization in 3 ms
2023-10-17 16:38:04,972 [http-nio-8080-exec-1] INFO  c.e.demo.controllers.UserController - Creating user
2023-10-17 16:38:04,973 [http-nio-8080-exec-1] INFO  c.e.demo.controllers.UserController - User creation request:test
2023-10-17 16:38:05,646 [http-nio-8080-exec-1] INFO  c.e.demo.controllers.UserController - created User:com.example.demo.model.persistence.User@440e0f9c
2023-10-17 16:38:05,656 [http-nio-8080-exec-1] INFO  c.e.demo.controllers.UserController - User registration is successfull:
2023-10-17 16:38:18,902 [http-nio-8080-exec-2] INFO  c.e.demo.controllers.UserController - Creating user
2023-10-17 16:38:18,902 [http-nio-8080-exec-2] INFO  c.e.demo.controllers.UserController - User creation request:test
2023-10-17 16:38:18,941 [http-nio-8080-exec-2] ERROR c.e.demo.controllers.UserController - Username must be unique test is already found in our Database
2023-10-17 16:38:45,525 [http-nio-8080-exec-3] INFO  c.e.demo.controllers.UserController - Creating user
2023-10-17 16:38:45,525 [http-nio-8080-exec-3] INFO  c.e.demo.controllers.UserController - User creation request:test
2023-10-17 16:38:45,529 [http-nio-8080-exec-3] ERROR c.e.demo.controllers.UserController - Username must be unique test is already found in our Database
2023-10-17 16:38:50,937 [http-nio-8080-exec-4] INFO  c.e.demo.controllers.UserController - Creating user
2023-10-17 16:38:50,938 [http-nio-8080-exec-4] INFO  c.e.demo.controllers.UserController - User creation request:test3
2023-10-17 16:38:50,942 [http-nio-8080-exec-4] ERROR c.e.demo.controllers.UserController - password violated the standards of the passwd
2023-10-17 16:42:44,180 [http-nio-8080-exec-5] INFO  c.e.d.controllers.loginController - login username >>> test
2023-10-17 16:42:44,181 [http-nio-8080-exec-5] INFO  c.e.d.controllers.loginController - Authenticatingtest
2023-10-17 16:42:44,370 [http-nio-8080-exec-5] INFO  c.e.d.controllers.loginController - Logged in user Details:org.springframework.security.core.userdetails.User [Username=test, Password=[PROTECTED], Enabled=true, AccountNonExpired=true, credentialsNonExpired=true, AccountNonLocked=true, Granted Authorities=[]]
2023-10-17 16:42:44,572 [http-nio-8080-exec-5] INFO  c.e.d.controllers.loginController - Genating Token....
2023-10-17 16:42:44,574 [http-nio-8080-exec-5] INFO  c.e.d.controllers.loginController - token subject set:test
2023-10-17 16:42:44,575 [http-nio-8080-exec-5] INFO  c.e.d.controllers.loginController - Token generation time:Tue Oct 17 16:42:44 SAST 2023
2023-10-17 16:42:44,576 [http-nio-8080-exec-5] INFO  c.e.d.controllers.loginController - token validitySun Feb 18 12:26:44 SAST 3714
2023-10-17 16:42:44,647 [http-nio-8080-exec-5] INFO  c.e.d.controllers.loginController - Token:eyJhbGciOiJIUzI1NiJ9.eyJzdWIiOiJ0ZXN0IiwidXNlcm5hbWUiOiJ0ZXN0IiwicGFzc3dvcmQiOiJwYXNzd2QzNEBiay5ydyIsImV4cCI6NTUwMzk1MTYwMDR9.WqIedTNF8naJ7LRfbayN6zCEpYPJNA8aJ5rqX9hAj5Q
2023-10-17 16:43:56,481 [http-nio-8080-exec-7] INFO  c.e.d.controllers.loginController - login username >>> tes2t
2023-10-17 16:43:56,482 [http-nio-8080-exec-7] INFO  c.e.d.controllers.loginController - Authenticatingtes2t
2023-10-17 16:43:56,485 [http-nio-8080-exec-7] ERROR c.e.d.controllers.loginController - Invalid username and password
2023-10-17 16:43:56,487 [http-nio-8080-exec-7] ERROR c.e.d.controllers.loginController - authentication failed:Invalid username and password
2023-10-17 16:59:49,456 [SpringApplicationShutdownHook] INFO  o.s.o.j.LocalContainerEntityManagerFactoryBean - Closing JPA EntityManagerFactory for persistence unit 'default'
2023-10-17 16:59:49,466 [SpringApplicationShutdownHook] INFO  com.zaxxer.hikari.HikariDataSource - HikariPool-1 - Shutdown initiated...
2023-10-17 16:59:49,473 [SpringApplicationShutdownHook] INFO  com.zaxxer.hikari.HikariDataSource - HikariPool-1 - Shutdown completed.
2023-10-17 17:00:09,903 [main] INFO  c.example.demo.SareetaApplication - Starting SareetaApplication using Java 17.0.8 with PID 24984 (C:\JAVA PROJECTS\devops\nd035-c4-Security-and-DevOps\starter_code\target\classes started by fmwimike in C:\JAVA PROJECTS\devops\nd035-c4-Security-and-DevOps)
2023-10-17 17:00:09,913 [main] INFO  c.example.demo.SareetaApplication - No active profile set, falling back to 1 default profile: "default"
2023-10-17 17:00:11,389 [main] INFO  o.s.d.r.c.RepositoryConfigurationDelegate - Bootstrapping Spring Data JPA repositories in DEFAULT mode.
2023-10-17 17:00:11,518 [main] INFO  o.s.d.r.c.RepositoryConfigurationDelegate - Finished Spring Data repository scanning in 93 ms. Found 4 JPA repository interfaces.
2023-10-17 17:00:13,872 [main] INFO  o.s.b.w.e.tomcat.TomcatWebServer - Tomcat initialized with port(s): 8080 (http)
2023-10-17 17:00:13,894 [main] INFO  o.a.catalina.core.StandardService - Starting service [Tomcat]
2023-10-17 17:00:13,894 [main] INFO  o.a.catalina.core.StandardEngine - Starting Servlet engine: [Apache Tomcat/10.1.13]
2023-10-17 17:00:14,160 [main] INFO  o.a.c.c.C.[Tomcat].[localhost].[/] - Initializing Spring embedded WebApplicationContext
2023-10-17 17:00:14,163 [main] INFO  o.s.b.w.s.c.ServletWebServerApplicationContext - Root WebApplicationContext: initialization completed in 4003 ms
2023-10-17 17:00:14,230 [main] INFO  com.zaxxer.hikari.HikariDataSource - HikariPool-1 - Starting...
2023-10-17 17:00:14,614 [main] INFO  com.zaxxer.hikari.pool.HikariPool - HikariPool-1 - Added connection conn0: url=jdbc:h2:mem:bootapp user=SA
2023-10-17 17:00:14,617 [main] INFO  com.zaxxer.hikari.HikariDataSource - HikariPool-1 - Start completed.
2023-10-17 17:00:14,636 [main] INFO  o.s.b.a.h.H2ConsoleAutoConfiguration - H2 console available at '/h2-console'. Database available at 'jdbc:h2:mem:bootapp'
2023-10-17 17:00:15,684 [main] INFO  o.h.jpa.internal.util.LogHelper - HHH000204: Processing PersistenceUnitInfo [name: default]
2023-10-17 17:00:16,062 [main] INFO  org.hibernate.Version - HHH000412: Hibernate ORM core version 6.2.9.Final
2023-10-17 17:00:16,067 [main] INFO  org.hibernate.cfg.Environment - HHH000406: Using bytecode reflection optimizer
2023-10-17 17:00:16,610 [main] INFO  o.h.b.i.BytecodeProviderInitiator - HHH000021: Bytecode provider name : bytebuddy
2023-10-17 17:00:17,319 [main] INFO  o.s.o.j.p.SpringPersistenceUnitInfo - No LoadTimeWeaver setup: ignoring JPA class transformer
2023-10-17 17:00:18,075 [main] INFO  o.h.b.i.BytecodeProviderInitiator - HHH000021: Bytecode provider name : bytebuddy
2023-10-17 17:00:19,461 [main] INFO  o.h.e.t.j.p.i.JtaPlatformInitiator - HHH000490: Using JtaPlatform implementation: [org.hibernate.engine.transaction.jta.platform.internal.NoJtaPlatform]
2023-10-17 17:00:19,645 [main] INFO  o.s.o.j.LocalContainerEntityManagerFactoryBean - Initialized JPA EntityManagerFactory for persistence unit 'default'
2023-10-17 17:00:20,865 [main] WARN  o.s.b.a.o.j.JpaBaseConfiguration$JpaWebConfiguration - spring.jpa.open-in-view is enabled by default. Therefore, database queries may be performed during view rendering. Explicitly configure spring.jpa.open-in-view to disable this warning
2023-10-17 17:00:21,662 [main] INFO  o.s.s.w.DefaultSecurityFilterChain - Will secure any request with [org.springframework.security.web.session.DisableEncodeUrlFilter@6a906078, org.springframework.security.web.context.request.async.WebAsyncManagerIntegrationFilter@fd5c7f6, org.springframework.security.web.context.SecurityContextHolderFilter@4d7fba20, org.springframework.security.web.header.HeaderWriterFilter@63b2418e, org.springframework.security.web.authentication.logout.LogoutFilter@17554316, com.example.demo.auth.JwtAuthorizationFilter@39da5e49, org.springframework.security.web.savedrequest.RequestCacheAwareFilter@51d2d336, org.springframework.security.web.servletapi.SecurityContextHolderAwareRequestFilter@90c01ab, org.springframework.security.web.authentication.AnonymousAuthenticationFilter@3724ab90, org.springframework.security.web.session.SessionManagementFilter@7b44e98e, org.springframework.security.web.access.ExceptionTranslationFilter@4629dde5, org.springframework.security.web.access.intercept.FilterSecurityInterceptor@225fb75e]
2023-10-17 17:00:24,162 [main] INFO  o.s.b.w.e.tomcat.TomcatWebServer - Tomcat started on port(s): 8080 (http) with context path ''
2023-10-17 17:00:24,196 [main] INFO  c.example.demo.SareetaApplication - Started SareetaApplication in 15.389 seconds (process running for 16.293)
2023-10-17 17:02:20,193 [http-nio-8080-exec-1] INFO  o.a.c.c.C.[Tomcat].[localhost].[/] - Initializing Spring DispatcherServlet 'dispatcherServlet'
2023-10-17 17:02:20,194 [http-nio-8080-exec-1] INFO  o.s.web.servlet.DispatcherServlet - Initializing Servlet 'dispatcherServlet'
2023-10-17 17:02:20,197 [http-nio-8080-exec-1] INFO  o.s.web.servlet.DispatcherServlet - Completed initialization in 2 ms
2023-10-17 17:02:20,479 [http-nio-8080-exec-1] INFO  c.e.d.controllers.loginController - login username >>> tes2t
2023-10-17 17:02:20,480 [http-nio-8080-exec-1] INFO  c.e.d.controllers.loginController - Authenticatingtes2t
2023-10-17 17:02:20,967 [http-nio-8080-exec-1] ERROR c.e.d.controllers.loginController - Invalid username and password
2023-10-17 17:02:20,970 [http-nio-8080-exec-1] ERROR c.e.d.controllers.loginController - authentication failed:Invalid username and password
2023-10-17 17:02:25,665 [http-nio-8080-exec-2] INFO  c.e.d.controllers.loginController - login username >>> test
2023-10-17 17:02:25,666 [http-nio-8080-exec-2] INFO  c.e.d.controllers.loginController - Authenticatingtest
2023-10-17 17:02:25,673 [http-nio-8080-exec-2] ERROR c.e.d.controllers.loginController - Invalid username and password
2023-10-17 17:02:25,676 [http-nio-8080-exec-2] ERROR c.e.d.controllers.loginController - authentication failed:Invalid username and password
2023-10-17 17:36:36,518 [HikariPool-1 housekeeper] WARN  com.zaxxer.hikari.pool.HikariPool - HikariPool-1 - Thread starvation or clock leap detected (housekeeper delta=6m51s302ms670µs400ns).
2023-10-17 18:05:40,095 [http-nio-8080-exec-3] INFO  c.e.demo.controllers.UserController - Creating user
2023-10-17 18:05:40,108 [http-nio-8080-exec-3] INFO  c.e.demo.controllers.UserController - User creation request:test3
2023-10-17 18:05:40,282 [http-nio-8080-exec-3] ERROR c.e.demo.controllers.UserController - password violated the standards of the passwd
2023-10-17 18:05:49,822 [http-nio-8080-exec-4] INFO  c.e.demo.controllers.UserController - Creating user
2023-10-17 18:05:49,822 [http-nio-8080-exec-4] INFO  c.e.demo.controllers.UserController - User creation request:test
2023-10-17 18:05:50,336 [http-nio-8080-exec-4] INFO  c.e.demo.controllers.UserController - created User:com.example.demo.model.persistence.User@199f8aad
2023-10-17 18:05:50,348 [http-nio-8080-exec-4] INFO  c.e.demo.controllers.UserController - User registration is successfull:
2023-10-17 18:07:09,233 [http-nio-8080-exec-6] INFO  c.e.demo.controllers.UserController - Creating user
2023-10-17 18:07:09,234 [http-nio-8080-exec-6] INFO  c.e.demo.controllers.UserController - User creation request:test
2023-10-17 18:07:09,334 [http-nio-8080-exec-6] ERROR c.e.demo.controllers.UserController - Username must be unique test is already found in our Database
2023-10-17 18:08:14,430 [SpringApplicationShutdownHook] INFO  o.s.o.j.LocalContainerEntityManagerFactoryBean - Closing JPA EntityManagerFactory for persistence unit 'default'
2023-10-17 18:08:14,448 [SpringApplicationShutdownHook] INFO  com.zaxxer.hikari.HikariDataSource - HikariPool-1 - Shutdown initiated...
2023-10-17 18:08:14,455 [SpringApplicationShutdownHook] INFO  com.zaxxer.hikari.HikariDataSource - HikariPool-1 - Shutdown completed.
2023-10-17 18:08:23,913 [main] INFO  c.example.demo.SareetaApplication - Starting SareetaApplication using Java 17.0.8 with PID 25764 (C:\JAVA PROJECTS\devops\nd035-c4-Security-and-DevOps\starter_code\target\classes started by fmwimike in C:\JAVA PROJECTS\devops\nd035-c4-Security-and-DevOps)
2023-10-17 18:08:23,919 [main] INFO  c.example.demo.SareetaApplication - No active profile set, falling back to 1 default profile: "default"
2023-10-17 18:08:25,431 [main] INFO  o.s.d.r.c.RepositoryConfigurationDelegate - Bootstrapping Spring Data JPA repositories in DEFAULT mode.
2023-10-17 18:08:25,563 [main] INFO  o.s.d.r.c.RepositoryConfigurationDelegate - Finished Spring Data repository scanning in 115 ms. Found 4 JPA repository interfaces.
2023-10-17 18:08:28,487 [main] INFO  o.s.b.w.e.tomcat.TomcatWebServer - Tomcat initialized with port(s): 8080 (http)
2023-10-17 18:08:28,548 [main] INFO  o.a.catalina.core.StandardService - Starting service [Tomcat]
2023-10-17 18:08:28,550 [main] INFO  o.a.catalina.core.StandardEngine - Starting Servlet engine: [Apache Tomcat/10.1.13]
2023-10-17 18:08:28,907 [main] INFO  o.a.c.c.C.[Tomcat].[localhost].[/] - Initializing Spring embedded WebApplicationContext
2023-10-17 18:08:28,912 [main] INFO  o.s.b.w.s.c.ServletWebServerApplicationContext - Root WebApplicationContext: initialization completed in 4804 ms
2023-10-17 18:08:29,000 [main] INFO  com.zaxxer.hikari.HikariDataSource - HikariPool-1 - Starting...
2023-10-17 18:08:29,473 [main] INFO  com.zaxxer.hikari.pool.HikariPool - HikariPool-1 - Added connection conn0: url=jdbc:h2:mem:bootapp user=SA
2023-10-17 18:08:29,476 [main] INFO  com.zaxxer.hikari.HikariDataSource - HikariPool-1 - Start completed.
2023-10-17 18:08:29,506 [main] INFO  o.s.b.a.h.H2ConsoleAutoConfiguration - H2 console available at '/h2-console'. Database available at 'jdbc:h2:mem:bootapp'
2023-10-17 18:08:30,167 [main] INFO  o.h.jpa.internal.util.LogHelper - HHH000204: Processing PersistenceUnitInfo [name: default]
2023-10-17 18:08:30,422 [main] INFO  org.hibernate.Version - HHH000412: Hibernate ORM core version 6.2.9.Final
2023-10-17 18:08:30,425 [main] INFO  org.hibernate.cfg.Environment - HHH000406: Using bytecode reflection optimizer
2023-10-17 18:08:30,972 [main] INFO  o.h.b.i.BytecodeProviderInitiator - HHH000021: Bytecode provider name : bytebuddy
2023-10-17 18:08:31,387 [main] INFO  o.s.o.j.p.SpringPersistenceUnitInfo - No LoadTimeWeaver setup: ignoring JPA class transformer
2023-10-17 18:08:32,165 [main] INFO  o.h.b.i.BytecodeProviderInitiator - HHH000021: Bytecode provider name : bytebuddy
2023-10-17 18:08:33,447 [main] INFO  o.h.e.t.j.p.i.JtaPlatformInitiator - HHH000490: Using JtaPlatform implementation: [org.hibernate.engine.transaction.jta.platform.internal.NoJtaPlatform]
2023-10-17 18:08:33,591 [main] INFO  o.s.o.j.LocalContainerEntityManagerFactoryBean - Initialized JPA EntityManagerFactory for persistence unit 'default'
2023-10-17 18:08:34,553 [main] WARN  o.s.b.a.o.j.JpaBaseConfiguration$JpaWebConfiguration - spring.jpa.open-in-view is enabled by default. Therefore, database queries may be performed during view rendering. Explicitly configure spring.jpa.open-in-view to disable this warning
2023-10-17 18:08:35,537 [main] INFO  o.s.s.w.DefaultSecurityFilterChain - Will secure any request with [org.springframework.security.web.session.DisableEncodeUrlFilter@3724ab90, org.springframework.security.web.context.request.async.WebAsyncManagerIntegrationFilter@40ef1934, org.springframework.security.web.context.SecurityContextHolderFilter@51d2d336, org.springframework.security.web.header.HeaderWriterFilter@789f5552, org.springframework.security.web.authentication.logout.LogoutFilter@5af1b221, com.example.demo.auth.JwtAuthorizationFilter@674da77b, org.springframework.security.web.savedrequest.RequestCacheAwareFilter@39921410, org.springframework.security.web.servletapi.SecurityContextHolderAwareRequestFilter@71e55e48, org.springframework.security.web.authentication.AnonymousAuthenticationFilter@291522f1, org.springframework.security.web.session.SessionManagementFilter@543196f9, org.springframework.security.web.access.ExceptionTranslationFilter@63b2418e, org.springframework.security.web.access.intercept.FilterSecurityInterceptor@4936fbc6]
2023-10-17 18:08:36,656 [main] INFO  o.s.b.w.e.tomcat.TomcatWebServer - Tomcat started on port(s): 8080 (http) with context path ''
2023-10-17 18:08:36,679 [main] INFO  c.example.demo.SareetaApplication - Started SareetaApplication in 13.867 seconds (process running for 14.661)
2023-10-17 18:09:10,744 [http-nio-8080-exec-1] INFO  o.a.c.c.C.[Tomcat].[localhost].[/] - Initializing Spring DispatcherServlet 'dispatcherServlet'
2023-10-17 18:09:10,744 [http-nio-8080-exec-1] INFO  o.s.web.servlet.DispatcherServlet - Initializing Servlet 'dispatcherServlet'
2023-10-17 18:09:10,746 [http-nio-8080-exec-1] INFO  o.s.web.servlet.DispatcherServlet - Completed initialization in 1 ms
2023-10-17 18:09:10,955 [http-nio-8080-exec-1] INFO  c.e.demo.controllers.UserController - Creating user
2023-10-17 18:09:10,956 [http-nio-8080-exec-1] INFO  c.e.demo.controllers.UserController - User creation request:test
2023-10-17 18:09:11,405 [http-nio-8080-exec-1] INFO  c.e.demo.controllers.UserController - created User:com.example.demo.model.persistence.User@52be9c75
2023-10-17 18:09:11,411 [http-nio-8080-exec-1] INFO  c.e.demo.controllers.UserController - User registration is successfull:
2023-10-17 18:09:19,113 [http-nio-8080-exec-2] INFO  c.e.demo.controllers.UserController - Creating user
2023-10-17 18:09:19,114 [http-nio-8080-exec-2] INFO  c.e.demo.controllers.UserController - User creation request:test
2023-10-17 18:09:19,183 [http-nio-8080-exec-2] ERROR c.e.demo.controllers.UserController - User creation failed :Username must be unique test is already found in our Database
2023-10-17 18:09:27,562 [http-nio-8080-exec-3] INFO  c.e.demo.controllers.UserController - Creating user
2023-10-17 18:09:27,563 [http-nio-8080-exec-3] INFO  c.e.demo.controllers.UserController - User creation request:test
2023-10-17 18:09:27,569 [http-nio-8080-exec-3] ERROR c.e.demo.controllers.UserController - User creation failed :Username must be unique test is already found in our Database
2023-10-17 18:09:37,346 [http-nio-8080-exec-4] INFO  c.e.demo.controllers.UserController - Creating user
2023-10-17 18:09:37,347 [http-nio-8080-exec-4] INFO  c.e.demo.controllers.UserController - User creation request:test2
2023-10-17 18:09:37,351 [http-nio-8080-exec-4] ERROR c.e.demo.controllers.UserController - password violated the standards of the passwd
2023-10-17 18:12:15,924 [http-nio-8080-exec-5] WARN  o.s.w.s.m.s.DefaultHandlerExceptionResolver - Resolved [org.springframework.web.HttpMediaTypeNotSupportedException: Content-Type 'application/octet-stream' is not supported]
2023-10-17 18:12:42,840 [http-nio-8080-exec-6] INFO  c.e.demo.controllers.UserController - Creating user
2023-10-17 18:12:42,841 [http-nio-8080-exec-6] INFO  c.e.demo.controllers.UserController - User creation request:test2
2023-10-17 18:12:42,844 [http-nio-8080-exec-6] ERROR c.e.demo.controllers.UserController - password violated the standards of the passwd
2023-10-17 18:12:56,713 [http-nio-8080-exec-7] WARN  o.s.w.s.m.s.DefaultHandlerExceptionResolver - Resolved [org.springframework.http.converter.HttpMessageNotReadableException: Required request body is missing: public org.springframework.http.ResponseEntity com.example.demo.controllers.UserController.createUser(com.example.demo.model.requests.CreateUserRequest)]
2023-10-17 18:13:18,480 [http-nio-8080-exec-8] WARN  o.s.w.s.m.s.DefaultHandlerExceptionResolver - Resolved [org.springframework.web.HttpRequestMethodNotSupportedException: Request method 'GET' is not supported]
2023-10-17 18:14:28,094 [http-nio-8080-exec-1] INFO  c.e.demo.controllers.UserController - Creating user
2023-10-17 18:14:28,095 [http-nio-8080-exec-1] INFO  c.e.demo.controllers.UserController - User creation request:test2
2023-10-17 18:14:28,099 [http-nio-8080-exec-1] ERROR c.e.demo.controllers.UserController - password violated the standards of the passwd
2023-10-17 18:14:55,991 [http-nio-8080-exec-2] INFO  c.e.d.auth.JwtAuthorizationFilter - User Teta authenticated!
2023-10-17 18:14:55,996 [http-nio-8080-exec-2] INFO  c.e.demo.controllers.CartController - adding cart:test
2023-10-17 18:14:56,076 [http-nio-8080-exec-2] INFO  c.e.demo.controllers.CartController - cart added successfully:com.example.demo.model.persistence.Cart@2be768d0
2023-10-17 18:20:42,242 [http-nio-8080-exec-5] INFO  c.e.d.controllers.loginController - login username >>> test
2023-10-17 18:20:42,243 [http-nio-8080-exec-5] INFO  c.e.d.controllers.loginController - Authenticatingtest
2023-10-17 18:20:42,419 [http-nio-8080-exec-5] INFO  c.e.d.controllers.loginController - Logged in user Details:org.springframework.security.core.userdetails.User [Username=test, Password=[PROTECTED], Enabled=true, AccountNonExpired=true, credentialsNonExpired=true, AccountNonLocked=true, Granted Authorities=[]]
2023-10-17 18:20:42,570 [http-nio-8080-exec-5] INFO  c.e.d.controllers.loginController - Genating Token....
2023-10-17 18:20:42,571 [http-nio-8080-exec-5] INFO  c.e.d.controllers.loginController - token subject set:test
2023-10-17 18:20:42,572 [http-nio-8080-exec-5] INFO  c.e.d.controllers.loginController - Token generation time:Tue Oct 17 18:20:42 SAST 2023
2023-10-17 18:20:42,572 [http-nio-8080-exec-5] INFO  c.e.d.controllers.loginController - token validitySun Feb 18 14:04:42 SAST 3714
2023-10-17 18:20:42,597 [http-nio-8080-exec-5] INFO  c.e.d.controllers.loginController - Token:eyJhbGciOiJIUzI1NiJ9.eyJzdWIiOiJ0ZXN0IiwidXNlcm5hbWUiOiJ0ZXN0IiwicGFzc3dvcmQiOiJwYXNzd2QzNEBiay5ydyIsImV4cCI6NTUwMzk1MjE4ODJ9.mgKSM0sra73bOl7utuMUOiUVQ1ODB0bRgFgLVZww_40
2023-10-17 18:21:21,018 [http-nio-8080-exec-8] INFO  c.e.d.auth.JwtAuthorizationFilter - User test authenticated!
2023-10-17 18:21:21,031 [http-nio-8080-exec-8] INFO  c.e.d.controllers.OrderController - submitting order:test
2023-10-17 18:21:21,046 [http-nio-8080-exec-8] INFO  c.e.d.controllers.OrderController - order submitted successfully
2023-10-17 18:21:55,479 [http-nio-8080-exec-9] INFO  c.e.d.auth.JwtAuthorizationFilter - User test authenticated!
2023-10-17 18:21:55,482 [http-nio-8080-exec-9] INFO  c.e.d.controllers.OrderController - submitting order:test
2023-10-17 18:21:55,492 [http-nio-8080-exec-9] INFO  c.e.d.controllers.OrderController - order submitted successfully
2023-10-17 18:21:57,568 [http-nio-8080-exec-10] INFO  c.e.d.auth.JwtAuthorizationFilter - User test authenticated!
2023-10-17 18:21:57,569 [http-nio-8080-exec-10] INFO  c.e.d.controllers.OrderController - submitting order:test
2023-10-17 18:21:57,580 [http-nio-8080-exec-10] INFO  c.e.d.controllers.OrderController - order submitted successfully
2023-10-17 18:22:52,683 [http-nio-8080-exec-1] INFO  c.e.d.auth.JwtAuthorizationFilter - User test authenticated!
2023-10-17 18:22:52,684 [http-nio-8080-exec-1] INFO  c.e.d.controllers.OrderController - submitting order:test2
2023-10-17 18:22:52,686 [http-nio-8080-exec-1] ERROR c.e.d.controllers.OrderController - Username not found:test2
2023-10-17 20:33:04,001 [HikariPool-1 housekeeper] WARN  com.zaxxer.hikari.pool.HikariPool - HikariPool-1 - Thread starvation or clock leap detected (housekeeper delta=1m2s195ms98µs900ns).
2023-10-17 21:19:52,177 [SpringApplicationShutdownHook] INFO  o.s.o.j.LocalContainerEntityManagerFactoryBean - Closing JPA EntityManagerFactory for persistence unit 'default'
2023-10-17 21:19:52,234 [SpringApplicationShutdownHook] INFO  com.zaxxer.hikari.HikariDataSource - HikariPool-1 - Shutdown initiated...
2023-10-17 21:19:52,248 [SpringApplicationShutdownHook] INFO  com.zaxxer.hikari.HikariDataSource - HikariPool-1 - Shutdown completed.
2023-10-17 21:22:01,297 [main] INFO  c.example.demo.SareetaApplication - Starting SareetaApplication using Java 17.0.8 with PID 21476 (C:\JAVA PROJECTS\devops\nd035-c4-Security-and-DevOps\starter_code\target\classes started by fmwimike in C:\JAVA PROJECTS\devops\nd035-c4-Security-and-DevOps)
2023-10-17 21:22:01,306 [main] INFO  c.example.demo.SareetaApplication - No active profile set, falling back to 1 default profile: "default"
2023-10-17 21:22:02,932 [main] INFO  o.s.d.r.c.RepositoryConfigurationDelegate - Bootstrapping Spring Data JPA repositories in DEFAULT mode.
2023-10-17 21:22:03,051 [main] INFO  o.s.d.r.c.RepositoryConfigurationDelegate - Finished Spring Data repository scanning in 95 ms. Found 4 JPA repository interfaces.
2023-10-17 21:22:05,028 [main] INFO  o.s.b.w.e.tomcat.TomcatWebServer - Tomcat initialized with port(s): 8080 (http)
2023-10-17 21:22:05,057 [main] INFO  o.a.catalina.core.StandardService - Starting service [Tomcat]
2023-10-17 21:22:05,058 [main] INFO  o.a.catalina.core.StandardEngine - Starting Servlet engine: [Apache Tomcat/10.1.13]
2023-10-17 21:22:05,347 [main] INFO  o.a.c.c.C.[Tomcat].[localhost].[/] - Initializing Spring embedded WebApplicationContext
2023-10-17 21:22:05,351 [main] INFO  o.s.b.w.s.c.ServletWebServerApplicationContext - Root WebApplicationContext: initialization completed in 3781 ms
2023-10-17 21:22:05,435 [main] INFO  com.zaxxer.hikari.HikariDataSource - HikariPool-1 - Starting...
2023-10-17 21:22:05,915 [main] INFO  com.zaxxer.hikari.pool.HikariPool - HikariPool-1 - Added connection conn0: url=jdbc:h2:mem:bootapp user=SA
2023-10-17 21:22:05,918 [main] INFO  com.zaxxer.hikari.HikariDataSource - HikariPool-1 - Start completed.
2023-10-17 21:22:05,936 [main] INFO  o.s.b.a.h.H2ConsoleAutoConfiguration - H2 console available at '/h2-console'. Database available at 'jdbc:h2:mem:bootapp'
2023-10-17 21:22:06,688 [main] INFO  o.h.jpa.internal.util.LogHelper - HHH000204: Processing PersistenceUnitInfo [name: default]
2023-10-17 21:22:06,967 [main] INFO  org.hibernate.Version - HHH000412: Hibernate ORM core version 6.2.9.Final
2023-10-17 21:22:06,973 [main] INFO  org.hibernate.cfg.Environment - HHH000406: Using bytecode reflection optimizer
2023-10-17 21:22:07,330 [main] INFO  o.h.b.i.BytecodeProviderInitiator - HHH000021: Bytecode provider name : bytebuddy
2023-10-17 21:22:07,757 [main] INFO  o.s.o.j.p.SpringPersistenceUnitInfo - No LoadTimeWeaver setup: ignoring JPA class transformer
2023-10-17 21:22:08,398 [main] INFO  o.h.b.i.BytecodeProviderInitiator - HHH000021: Bytecode provider name : bytebuddy
2023-10-17 21:22:10,093 [main] INFO  o.h.e.t.j.p.i.JtaPlatformInitiator - HHH000490: Using JtaPlatform implementation: [org.hibernate.engine.transaction.jta.platform.internal.NoJtaPlatform]
2023-10-17 21:22:10,307 [main] INFO  o.s.o.j.LocalContainerEntityManagerFactoryBean - Initialized JPA EntityManagerFactory for persistence unit 'default'
2023-10-17 21:22:11,850 [main] WARN  o.s.b.a.o.j.JpaBaseConfiguration$JpaWebConfiguration - spring.jpa.open-in-view is enabled by default. Therefore, database queries may be performed during view rendering. Explicitly configure spring.jpa.open-in-view to disable this warning
2023-10-17 21:22:13,066 [main] INFO  o.s.s.w.DefaultSecurityFilterChain - Will secure any request with [org.springframework.security.web.session.DisableEncodeUrlFilter@76ebd595, org.springframework.security.web.context.request.async.WebAsyncManagerIntegrationFilter@4560eb15, org.springframework.security.web.context.SecurityContextHolderFilter@20505460, org.springframework.security.web.header.HeaderWriterFilter@1256925b, org.springframework.security.web.authentication.logout.LogoutFilter@643a73fa, com.example.demo.auth.JwtAuthorizationFilter@79a201cf, org.springframework.security.web.savedrequest.RequestCacheAwareFilter@2dc77962, org.springframework.security.web.servletapi.SecurityContextHolderAwareRequestFilter@32bae609, org.springframework.security.web.authentication.AnonymousAuthenticationFilter@225fb75e, org.springframework.security.web.session.SessionManagementFilter@28c00acd, org.springframework.security.web.access.ExceptionTranslationFilter@577f81a0, org.springframework.security.web.access.intercept.FilterSecurityInterceptor@442151d1]
2023-10-17 21:22:14,707 [main] WARN  o.s.b.w.s.c.AnnotationConfigServletWebServerApplicationContext - Exception encountered during context initialization - cancelling refresh attempt: org.springframework.context.ApplicationContextException: Failed to start bean 'webServerStartStop'
2023-10-17 21:22:14,715 [main] INFO  o.s.o.j.LocalContainerEntityManagerFactoryBean - Closing JPA EntityManagerFactory for persistence unit 'default'
2023-10-17 21:22:14,729 [main] INFO  com.zaxxer.hikari.HikariDataSource - HikariPool-1 - Shutdown initiated...
2023-10-17 21:22:14,742 [main] INFO  com.zaxxer.hikari.HikariDataSource - HikariPool-1 - Shutdown completed.
2023-10-17 21:22:14,753 [main] INFO  o.a.catalina.core.StandardService - Stopping service [Tomcat]
2023-10-17 21:22:14,829 [main] INFO  o.s.b.a.l.ConditionEvaluationReportLogger - 

Error starting ApplicationContext. To display the condition evaluation report re-run your application with 'debug' enabled.
2023-10-17 21:22:14,998 [main] ERROR o.s.b.d.LoggingFailureAnalysisReporter - 

***************************
APPLICATION FAILED TO START
***************************

Description:

Web server failed to start. Port 8080 was already in use.

Action:

Identify and stop the process that's listening on port 8080 or configure this application to listen on another port.

2023-10-17 21:35:03,379 [main] INFO  c.example.demo.SareetaApplication - Starting SareetaApplication using Java 17.0.8 with PID 26612 (C:\JAVA PROJECTS\devops\nd035-c4-Security-and-DevOps\starter_code\target\classes started by fmwimike in C:\JAVA PROJECTS\devops\nd035-c4-Security-and-DevOps)
2023-10-17 21:35:03,402 [main] INFO  c.example.demo.SareetaApplication - No active profile set, falling back to 1 default profile: "default"
2023-10-17 21:35:04,884 [main] INFO  o.s.d.r.c.RepositoryConfigurationDelegate - Bootstrapping Spring Data JPA repositories in DEFAULT mode.
2023-10-17 21:35:05,014 [main] INFO  o.s.d.r.c.RepositoryConfigurationDelegate - Finished Spring Data repository scanning in 104 ms. Found 4 JPA repository interfaces.
2023-10-17 21:35:07,935 [main] INFO  o.s.b.w.e.tomcat.TomcatWebServer - Tomcat initialized with port(s): 9090 (http)
2023-10-17 21:35:07,962 [main] INFO  o.a.catalina.core.StandardService - Starting service [Tomcat]
2023-10-17 21:35:07,963 [main] INFO  o.a.catalina.core.StandardEngine - Starting Servlet engine: [Apache Tomcat/10.1.13]
2023-10-17 21:35:08,252 [main] INFO  o.a.c.c.C.[Tomcat].[localhost].[/] - Initializing Spring embedded WebApplicationContext
2023-10-17 21:35:08,255 [main] INFO  o.s.b.w.s.c.ServletWebServerApplicationContext - Root WebApplicationContext: initialization completed in 4615 ms
2023-10-17 21:35:08,316 [main] INFO  com.zaxxer.hikari.HikariDataSource - HikariPool-1 - Starting...
2023-10-17 21:35:08,714 [main] INFO  com.zaxxer.hikari.pool.HikariPool - HikariPool-1 - Added connection conn0: url=jdbc:h2:mem:bootapp user=SA
2023-10-17 21:35:08,717 [main] INFO  com.zaxxer.hikari.HikariDataSource - HikariPool-1 - Start completed.
2023-10-17 21:35:08,739 [main] INFO  o.s.b.a.h.H2ConsoleAutoConfiguration - H2 console available at '/h2-console'. Database available at 'jdbc:h2:mem:bootapp'
2023-10-17 21:35:09,732 [main] INFO  o.h.jpa.internal.util.LogHelper - HHH000204: Processing PersistenceUnitInfo [name: default]
2023-10-17 21:35:10,266 [main] INFO  org.hibernate.Version - HHH000412: Hibernate ORM core version 6.2.9.Final
2023-10-17 21:35:10,269 [main] INFO  org.hibernate.cfg.Environment - HHH000406: Using bytecode reflection optimizer
2023-10-17 21:35:10,669 [main] INFO  o.h.b.i.BytecodeProviderInitiator - HHH000021: Bytecode provider name : bytebuddy
2023-10-17 21:35:11,050 [main] INFO  o.s.o.j.p.SpringPersistenceUnitInfo - No LoadTimeWeaver setup: ignoring JPA class transformer
2023-10-17 21:35:11,669 [main] INFO  o.h.b.i.BytecodeProviderInitiator - HHH000021: Bytecode provider name : bytebuddy
2023-10-17 21:35:13,167 [main] INFO  o.h.e.t.j.p.i.JtaPlatformInitiator - HHH000490: Using JtaPlatform implementation: [org.hibernate.engine.transaction.jta.platform.internal.NoJtaPlatform]
2023-10-17 21:35:13,294 [main] INFO  o.s.o.j.LocalContainerEntityManagerFactoryBean - Initialized JPA EntityManagerFactory for persistence unit 'default'
2023-10-17 21:35:14,439 [main] WARN  o.s.b.a.o.j.JpaBaseConfiguration$JpaWebConfiguration - spring.jpa.open-in-view is enabled by default. Therefore, database queries may be performed during view rendering. Explicitly configure spring.jpa.open-in-view to disable this warning
2023-10-17 21:35:15,410 [main] INFO  o.s.s.w.DefaultSecurityFilterChain - Will secure any request with [org.springframework.security.web.session.DisableEncodeUrlFilter@3724ab90, org.springframework.security.web.context.request.async.WebAsyncManagerIntegrationFilter@40ef1934, org.springframework.security.web.context.SecurityContextHolderFilter@51d2d336, org.springframework.security.web.header.HeaderWriterFilter@789f5552, org.springframework.security.web.authentication.logout.LogoutFilter@5af1b221, com.example.demo.auth.JwtAuthorizationFilter@674da77b, org.springframework.security.web.savedrequest.RequestCacheAwareFilter@39921410, org.springframework.security.web.servletapi.SecurityContextHolderAwareRequestFilter@71e55e48, org.springframework.security.web.authentication.AnonymousAuthenticationFilter@291522f1, org.springframework.security.web.session.SessionManagementFilter@543196f9, org.springframework.security.web.access.ExceptionTranslationFilter@63b2418e, org.springframework.security.web.access.intercept.FilterSecurityInterceptor@4936fbc6]
2023-10-17 21:35:16,788 [main] INFO  o.s.b.w.e.tomcat.TomcatWebServer - Tomcat started on port(s): 9090 (http) with context path ''
2023-10-17 21:35:16,814 [main] INFO  c.example.demo.SareetaApplication - Started SareetaApplication in 14.417 seconds (process running for 15.532)
2023-10-17 21:51:19,651 [HikariPool-1 housekeeper] WARN  com.zaxxer.hikari.pool.HikariPool - HikariPool-1 - Thread starvation or clock leap detected (housekeeper delta=1m40s632ms983µs400ns).
